Arguments: 
  /home/beatriz/.nvm/versions/node/v14.17.5/bin/node /home/beatriz/.nvm/versions/node/v14.17.5/bin/yarn

PATH: 
  /home/beatriz/.asdf/shims:/home/beatriz/.asdf/bin:/home/beatriz/.nvm/versions/node/v14.17.5/bin:/usr/local/sbin:/usr/local/bin:/usr/sbin:/usr/bin:/sbin:/bin:/usr/games:/usr/local/games:/snap/bin

Yarn version: 
  1.22.17

Node version: 
  14.17.5

Platform: 
  linux x64

Trace: 
  Error: https://registry.yarnpkg.com/@faker-js/faker/-/faker-6.2.0.tgz: ESOCKETTIMEDOUT
      at ClientRequest.<anonymous> (/home/beatriz/.nvm/versions/node/v14.17.5/lib/node_modules/yarn/lib/cli.js:141510:19)
      at Object.onceWrapper (events.js:519:28)
      at ClientRequest.emit (events.js:400:28)
      at TLSSocket.emitRequestTimeout (_http_client.js:790:9)
      at Object.onceWrapper (events.js:519:28)
      at TLSSocket.emit (events.js:412:35)
      at TLSSocket.Socket._onTimeout (net.js:484:8)
      at listOnTimeout (internal/timers.js:557:17)
      at processTimers (internal/timers.js:500:7)

npm manifest: 
  {
    "name": "capstone-q4-nodejs",
    "version": "1.0.0",
    "description": "Projeto Capstone Node.JS Kenzie Academy",
    "main": "dist/server.js",
    "repository": "git@github.com:Poketnans/capstone-q4-nodejs.git",
    "author": "Etnan Sousa <poketnans@gmail.com>",
    "license": "MIT",
    "scripts": {
      "dev": "tsnd --files --respawn --rs --transpile-only --ignore-watch node_modules src/server.ts --clear --watch ./**",
      "test": "nodemon --experimental-vm-modules node_modules/jest/bin/jest.js --passWithNoTests",
      "start": "ts-node src/index.ts",
      "typeorm": "node --require ts-node/register ./node_modules/typeorm/cli.js",
      "build": "tsc"
    },
    "dependencies": {
      "@faker-js/faker": "^6.1.2",
      "@jest/globals": "^27.5.1",
      "bcrypt": "^5.0.1",
      "dotenv": "^16.0.0",
      "express": "^4.17.3",
      "express-list-endpoints": "^6.0.0",
      "http-status": "^1.5.1",
      "jest": "^27.5.1",
      "jsonwebtoken": "^8.5.1",
      "pg": "^8.4.0",
      "reflect-metadata": "^0.1.13",
      "supertest": "^6.2.2",
      "swagger-ui-express": "^4.3.0",
      "ts-jest": "^27.1.4",
      "typeorm": "0.2.45",
      "uuid": "^8.3.2",
      "yup": "^0.32.11"
    },
    "devDependencies": {
      "@types/bcrypt": "^5.0.0",
      "@types/dotenv": "^8.2.0",
      "@types/express": "^4.17.13",
      "@types/express-list-endpoints": "^6.0.0",
      "@types/http-status": "^1.1.2",
      "@types/jsonwebtoken": "^8.5.8",
      "@types/node": "^16.11.10",
      "@types/supertest": "^2.0.12",
      "@types/swagger-ui-express": "^4.1.3",
      "@types/uuid": "^8.3.4",
      "@typescript-eslint/eslint-plugin": "^5.19.0",
      "@typescript-eslint/parser": "^5.19.0",
      "eslint": "^8.13.0",
      "eslint-config-airbnb-base": "^15.0.0",
      "eslint-config-prettier": "^8.5.0",
      "eslint-plugin-import": "^2.26.0",
      "eslint-plugin-prettier": "^4.0.0",
      "nodemon": "^2.0.15",
      "prettier": "^2.6.2",
      "ts-node": "10.4.0",
      "ts-node-dev": "^1.1.8",
      "typescript": "4.5.2"
    }
  }

yarn manifest: 
  No manifest

Lockfile: 
  No lockfile
